app/build/intermediates/manifest_merge_blame_file/debug/manifest-merger-blame-debug-report.txt
1<?xml version="1.0" encoding="utf-8"?>
2<manifest xmlns:android="http://schemas.android.com/apk/res/android"
3    package="com.yashka.omWifiDedo"
4    android:versionCode="1"
5    android:versionName="1.0" >
6
7    <uses-sdk
8        android:minSdkVersion="16"
8-->src\main\AndroidManifest.xml
9        android:targetSdkVersion="29" />
9-->src\main\AndroidManifest.xml
10
11    <!-- <uses-sdk -->
12    <!-- android:minSdkVersion="17" -->
13    <!-- android:targetSdkVersion="28" /> -->
14
15    <uses-permission android:name="android.permission.INTERNET" />
15-->src\main\AndroidManifest.xml:11:5-67
15-->src\main\AndroidManifest.xml:11:22-64
16    <uses-permission android:name="android.permission.SYSTEM_ALERT_WINDOW" />
16-->src\main\AndroidManifest.xml:12:5-78
16-->src\main\AndroidManifest.xml:12:22-75
17    <uses-permission android:name="android.permission.ACCESS_NETWORK_STATE" />
17-->src\main\AndroidManifest.xml:13:5-79
17-->src\main\AndroidManifest.xml:13:22-76
18    <uses-permission android:name="com.android.vending.BILLING" />
18-->src\main\AndroidManifest.xml:14:5-67
18-->src\main\AndroidManifest.xml:14:22-64
19    <uses-permission android:name="android.permission.WAKE_LOCK" />
19-->src\main\AndroidManifest.xml:15:5-68
19-->src\main\AndroidManifest.xml:15:22-65
20    <uses-permission android:name="com.google.android.finsky.permission.BIND_GET_INSTALL_REFERRER_SERVICE" /> <!-- Required by older versions of Google Play services to create IID tokens -->
20-->[com.google.android.gms:play-services-measurement:17.1.0] AndroidManifest.xml:26:5-110
20-->[com.google.android.gms:play-services-measurement:17.1.0] AndroidManifest.xml:26:22-107
21    <uses-permission android:name="com.google.android.c2dm.permission.RECEIVE" />
21-->[com.google.firebase:firebase-iid:19.0.0] AndroidManifest.xml:26:5-82
21-->[com.google.firebase:firebase-iid:19.0.0] AndroidManifest.xml:26:22-79
22
23    <application
23-->src\main\AndroidManifest.xml:17:5-83:19
24        android:name="androidx.multidex.MultiDexApplication"
25        android:allowBackup="true"
25-->src\main\AndroidManifest.xml:18:9-35
26        android:appComponentFactory="androidx.core.app.CoreComponentFactory"
26-->src\main\AndroidManifest.xml:19:9-77
27        android:debuggable="true"
28        android:icon="@drawable/dedofi_logo"
28-->src\main\AndroidManifest.xml:20:9-45
29        android:isSplitRequired="false"
29-->src\main\AndroidManifest.xml:21:9-40
30        android:label="@string/app_name"
30-->src\main\AndroidManifest.xml:22:9-41
31        android:largeHeap="true"
31-->src\main\AndroidManifest.xml:23:9-33
32        android:supportsRtl="true"
32-->src\main\AndroidManifest.xml:24:9-35
33        android:testOnly="true"
34        android:theme="@style/AppTheme"
34-->src\main\AndroidManifest.xml:25:9-40
35        android:usesCleartextTraffic="true" >
35-->src\main\AndroidManifest.xml:26:9-44
36        <activity
36-->src\main\AndroidManifest.xml:28:9-35:20
37            android:name="com.yashka.dedofiom.Activity.SplashScreen"
37-->src\main\AndroidManifest.xml:29:13-50
38            android:screenOrientation="portrait" >
38-->src\main\AndroidManifest.xml:30:13-49
39            <intent-filter>
39-->src\main\AndroidManifest.xml:31:13-34:29
40                <action android:name="android.intent.action.MAIN" />
40-->src\main\AndroidManifest.xml:32:17-69
40-->src\main\AndroidManifest.xml:32:25-66
41
42                <category android:name="android.intent.category.LAUNCHER" />
42-->src\main\AndroidManifest.xml:33:17-77
42-->src\main\AndroidManifest.xml:33:27-74
43            </intent-filter>
44        </activity>
45
46        <meta-data
46-->src\main\AndroidManifest.xml:36:9-38:70
47            android:name="com.google.android.gms.ads.APPLICATION_ID"
47-->src\main\AndroidManifest.xml:37:13-69
48            android:value="ca-app-pub-3929403241268698~2030413844" />
48-->src\main\AndroidManifest.xml:38:13-67
49
50        <activity
50-->src\main\AndroidManifest.xml:39:9-43:15
51            android:name="com.yashka.dedofiom.Activity.MainActivity"
51-->src\main\AndroidManifest.xml:40:13-50
52            android:screenOrientation="portrait"
52-->src\main\AndroidManifest.xml:41:13-49
53            android:theme="@style/Theme.AppCompat.DayNight.DarkActionBar" />
53-->src\main\AndroidManifest.xml:42:13-74
54
55        <meta-data
55-->src\main\AndroidManifest.xml:44:9-46:37
56            android:name="com.google.android.play.billingclient.version"
56-->src\main\AndroidManifest.xml:45:13-73
57            android:value="2.1.0" />
57-->src\main\AndroidManifest.xml:46:13-34
58
59        <!-- <activity -->
60        <!-- android:name="com.android.billingclient.api.ProxyBillingActivity" -->
61        <!-- android:configChanges="keyboard|keyboardHidden|orientation|screenLayout|screenSize" -->
62        <!-- /> -->
63        <!-- android:theme="@style/Theme.Translucent.NoTitleBar" -->
64
65        <activity
65-->src\main\AndroidManifest.xml:56:9-60:15
66            android:name="com.google.android.gms.ads.AdActivity"
66-->src\main\AndroidManifest.xml:57:13-65
67            android:configChanges="keyboard|keyboardHidden|orientation|screenLayout|uiMode|screenSize|smallestScreenSize"
67-->src\main\AndroidManifest.xml:58:13-122
68            android:exported="false"
68-->src\main\AndroidManifest.xml:59:13-37
69            android:theme="@android:style/Theme.Translucent" />
69-->[com.google.android.gms:play-services-ads-lite:18.3.0] AndroidManifest.xml:33:13-61
70        <!-- tools:replace="android:theme" -->
71        <!-- android:theme="@style/Theme.Translucent" -->
72
73        <provider
73-->src\main\AndroidManifest.xml:64:9-69:51
74            android:name="com.google.android.gms.ads.MobileAdsInitProvider"
74-->src\main\AndroidManifest.xml:65:13-76
75            android:authorities="com.lmlab.madhurawanniarachchi.nodemcuwificontroller.mobileadsinitprovider"
75-->src\main\AndroidManifest.xml:66:13-109
76            android:exported="false"
76-->src\main\AndroidManifest.xml:67:13-37
77            android:initOrder="100" />
77-->src\main\AndroidManifest.xml:68:13-36
78
79        <meta-data
79-->src\main\AndroidManifest.xml:71:9-73:69
80            android:name="com.google.android.gms.version"
80-->src\main\AndroidManifest.xml:72:13-58
81            android:value="@integer/google_play_services_version" />
81-->src\main\AndroidManifest.xml:73:13-66
82        <meta-data
82-->src\main\AndroidManifest.xml:74:9-76:36
83            android:name="com.android.vending.splits.required"
83-->src\main\AndroidManifest.xml:75:13-63
84            android:value="true" />
84-->src\main\AndroidManifest.xml:76:13-33
85        <meta-data
85-->src\main\AndroidManifest.xml:77:9-79:44
86            android:name="com.android.vending.splits"
86-->src\main\AndroidManifest.xml:78:13-54
87            android:value="@xml/splits0" />
87-->src\main\AndroidManifest.xml:79:13-41
88        <meta-data
88-->src\main\AndroidManifest.xml:80:9-82:33
89            android:name="com.android.vending.derived.apk.id"
89-->src\main\AndroidManifest.xml:81:13-62
90            android:value="8" />
90-->src\main\AndroidManifest.xml:82:13-30
91
92        <receiver
92-->[com.google.android.gms:play-services-measurement:17.1.0] AndroidManifest.xml:29:9-33:20
93            android:name="com.google.android.gms.measurement.AppMeasurementReceiver"
93-->[com.google.android.gms:play-services-measurement:17.1.0] AndroidManifest.xml:30:13-85
94            android:enabled="true"
94-->[com.google.android.gms:play-services-measurement:17.1.0] AndroidManifest.xml:31:13-35
95            android:exported="false" >
95-->[com.google.android.gms:play-services-measurement:17.1.0] AndroidManifest.xml:32:13-37
96        </receiver>
97        <receiver
97-->[com.google.android.gms:play-services-measurement:17.1.0] AndroidManifest.xml:34:9-42:20
98            android:name="com.google.android.gms.measurement.AppMeasurementInstallReferrerReceiver"
98-->[com.google.android.gms:play-services-measurement:17.1.0] AndroidManifest.xml:35:13-100
99            android:enabled="true"
99-->[com.google.android.gms:play-services-measurement:17.1.0] AndroidManifest.xml:36:13-35
100            android:exported="true"
100-->[com.google.android.gms:play-services-measurement:17.1.0] AndroidManifest.xml:37:13-36
101            android:permission="android.permission.INSTALL_PACKAGES" >
101-->[com.google.android.gms:play-services-measurement:17.1.0] AndroidManifest.xml:38:13-69
102            <intent-filter>
102-->[com.google.android.gms:play-services-measurement:17.1.0] AndroidManifest.xml:39:13-41:29
103                <action android:name="com.android.vending.INSTALL_REFERRER" />
103-->[com.google.android.gms:play-services-measurement:17.1.0] AndroidManifest.xml:40:17-79
103-->[com.google.android.gms:play-services-measurement:17.1.0] AndroidManifest.xml:40:25-76
104            </intent-filter>
105        </receiver>
106
107        <service
107-->[com.google.android.gms:play-services-measurement:17.1.0] AndroidManifest.xml:44:9-47:40
108            android:name="com.google.android.gms.measurement.AppMeasurementService"
108-->[com.google.android.gms:play-services-measurement:17.1.0] AndroidManifest.xml:45:13-84
109            android:enabled="true"
109-->[com.google.android.gms:play-services-measurement:17.1.0] AndroidManifest.xml:46:13-35
110            android:exported="false" />
110-->[com.google.android.gms:play-services-measurement:17.1.0] AndroidManifest.xml:47:13-37
111        <service
111-->[com.google.android.gms:play-services-measurement:17.1.0] AndroidManifest.xml:48:9-52:72
112            android:name="com.google.android.gms.measurement.AppMeasurementJobService"
112-->[com.google.android.gms:play-services-measurement:17.1.0] AndroidManifest.xml:49:13-87
113            android:enabled="true"
113-->[com.google.android.gms:play-services-measurement:17.1.0] AndroidManifest.xml:50:13-35
114            android:exported="false"
114-->[com.google.android.gms:play-services-measurement:17.1.0] AndroidManifest.xml:51:13-37
115            android:permission="android.permission.BIND_JOB_SERVICE" />
115-->[com.google.android.gms:play-services-measurement:17.1.0] AndroidManifest.xml:52:13-69
116        <service
116-->[com.google.android.gms:play-services-measurement-api:17.1.0] AndroidManifest.xml:27:9-33:19
117            android:name="com.google.firebase.components.ComponentDiscoveryService"
117-->[com.google.android.gms:play-services-measurement-api:17.1.0] AndroidManifest.xml:28:13-84
118            android:exported="false" >
118-->[com.google.android.gms:play-services-measurement-api:17.1.0] AndroidManifest.xml:29:13-37
119            <meta-data
119-->[com.google.android.gms:play-services-measurement-api:17.1.0] AndroidManifest.xml:30:13-32:85
120                android:name="com.google.firebase.components:com.google.firebase.analytics.connector.internal.AnalyticsConnectorRegistrar"
120-->[com.google.android.gms:play-services-measurement-api:17.1.0] AndroidManifest.xml:31:17-139
121                android:value="com.google.firebase.components.ComponentRegistrar" />
121-->[com.google.android.gms:play-services-measurement-api:17.1.0] AndroidManifest.xml:32:17-82
122            <meta-data
122-->[com.google.firebase:firebase-iid:19.0.0] AndroidManifest.xml:32:13-34:85
123                android:name="com.google.firebase.components:com.google.firebase.iid.Registrar"
123-->[com.google.firebase:firebase-iid:19.0.0] AndroidManifest.xml:33:17-96
124                android:value="com.google.firebase.components.ComponentRegistrar" />
124-->[com.google.firebase:firebase-iid:19.0.0] AndroidManifest.xml:34:17-82
125        </service>
126
127        <receiver
127-->[com.google.firebase:firebase-iid:19.0.0] AndroidManifest.xml:37:9-44:20
128            android:name="com.google.firebase.iid.FirebaseInstanceIdReceiver"
128-->[com.google.firebase:firebase-iid:19.0.0] AndroidManifest.xml:38:13-78
129            android:exported="true"
129-->[com.google.firebase:firebase-iid:19.0.0] AndroidManifest.xml:39:13-36
130            android:permission="com.google.android.c2dm.permission.SEND" >
130-->[com.google.firebase:firebase-iid:19.0.0] AndroidManifest.xml:40:13-73
131            <intent-filter>
131-->[com.google.firebase:firebase-iid:19.0.0] AndroidManifest.xml:41:13-43:29
132                <action android:name="com.google.android.c2dm.intent.RECEIVE" />
132-->[com.google.firebase:firebase-iid:19.0.0] AndroidManifest.xml:42:17-81
132-->[com.google.firebase:firebase-iid:19.0.0] AndroidManifest.xml:42:25-78
133            </intent-filter>
134        </receiver>
135
136        <provider
136-->[com.google.firebase:firebase-common:18.0.0] AndroidManifest.xml:12:9-16:39
137            android:name="com.google.firebase.provider.FirebaseInitProvider"
137-->[com.google.firebase:firebase-common:18.0.0] AndroidManifest.xml:13:13-77
138            android:authorities="com.yashka.omWifiDedo.firebaseinitprovider"
138-->[com.google.firebase:firebase-common:18.0.0] AndroidManifest.xml:14:13-72
139            android:exported="false"
139-->[com.google.firebase:firebase-common:18.0.0] AndroidManifest.xml:15:13-37
140            android:initOrder="100" />
140-->[com.google.firebase:firebase-common:18.0.0] AndroidManifest.xml:16:13-36
141
142        <activity
142-->[com.google.android.gms:play-services-base:17.0.0] AndroidManifest.xml:23:9-26:75
143            android:name="com.google.android.gms.common.api.GoogleApiActivity"
143-->[com.google.android.gms:play-services-base:17.0.0] AndroidManifest.xml:24:13-79
144            android:exported="false"
144-->[com.google.android.gms:play-services-base:17.0.0] AndroidManifest.xml:25:13-37
145            android:theme="@android:style/Theme.Translucent.NoTitleBar" />
145-->[com.google.android.gms:play-services-base:17.0.0] AndroidManifest.xml:26:13-72
146    </application>
147
148</manifest> <!-- <manifest xmlns:android="http://schemas.android.com/apk/res/android" -->
149<!-- package="com.yashka.omWifiDedo"> -->
150<!-- <application -->
151<!-- android:allowBackup="true" -->
152<!-- android:icon="@mipmap/ic_launcher" -->
153<!-- android:label="@string/app_name" -->
154<!-- android:roundIcon="@mipmap/ic_launcher_round" -->
155<!-- android:supportsRtl="true" -->
156<!-- android:theme="@style/AppTheme" /> -->
157<!-- </manifest> -->